<?xml version="1.0" encoding="UTF-8"?>
<!-- Generated by org.testng.reporters.JUnitXMLReporter -->
<testsuite ignored="2" hostname="DESKTOP-90G7755" failures="0" tests="2" name="Test" time="6.501" errors="0" timestamp="2022-10-27T15:15:09 IST">
  <testcase classname="baseUtility.CommonUtility" name="@BeforeClass launchSite" time="0.0">
    <failure type="java.lang.NullPointerException" message="Cannot invoke &amp;quot;org.openqa.selenium.WebDriver.get(String)&amp;quot; because &amp;quot;this.driver&amp;quot; is null">
      <![CDATA[java.lang.NullPointerException: Cannot invoke "org.openqa.selenium.WebDriver.get(String)" because "this.driver" is null
at baseUtility.CommonUtility.launchSite(CommonUtility.java:33)
at java.base/java.util.ArrayList.forEach(ArrayList.java:1511)
... Removed 25 stack frames]]>
    </failure>
  </testcase> <!-- @BeforeClass launchSite -->
  <testcase classname="tests.RegistrationTest" name="verifyRegistration" time="4.077"/>
  <testcase classname="tests.LoginTest" name="verfiyLogin" time="0.0">
    <skipped/>
  </testcase> <!-- verfiyLogin -->
  <testcase classname="baseUtility.CommonUtility" name="@BeforeSuite startSession" time="0.0">
    <ignored/>
  </testcase> <!-- @BeforeSuite startSession -->
  <testcase classname="baseUtility.CommonUtility" name="@AfterSuite endSession" time="0.0">
    <ignored/>
  </testcase> <!-- @AfterSuite endSession -->
</testsuite> <!-- Test -->
